[0.007s] Invoking command in '/home/parallels/workspaces/assignment_ws/src/robotics_software_engineer/module_2_assignment/src/build/drive_mobile_robot_as2': CMAKE_PREFIX_PATH=${CMAKE_PREFIX_PATH}:/home/parallels/workspaces/mydemo_ws/install/turtlebot3_example:/opt/ros/humble /usr/bin/cmake --build /home/parallels/workspaces/assignment_ws/src/robotics_software_engineer/module_2_assignment/src/build/drive_mobile_robot_as2 -- -j2 -l2
[0.056s] [ 30%] Built target logarithmic_spiral
[0.056s] [ 40%] Built target follow_circle
[0.067s] [35m[1mConsolidate compiler generated dependencies of target rotate[0m
[0.068s] [35m[1mConsolidate compiler generated dependencies of target spawn_five_turtle[0m
[0.075s] [ 50%] [32mBuilding CXX object CMakeFiles/rotate.dir/src/rotate.cpp.o[0m
[0.081s] [ 70%] Built target spawn_five_turtle
[0.094s] [ 80%] [32mBuilding CXX object CMakeFiles/speed_turtle.dir/src/speed.cpp.o[0m
[0.131s] [01m[K/home/parallels/workspaces/assignment_ws/src/robotics_software_engineer/module_2_assignment/src/drive_mobile_robot_as2/src/speed.cpp:6:10:[m[K [01;31m[Kfatal error: [m[Krclcpp/rclcpp.hpp: No such file or directory
[0.131s]     6 | #include [01;31m[K"rclcpp/rclcpp.hpp"[m[K
[0.131s]       |          [01;31m[K^~~~~~~~~~~~~~~~~~~[m[K
[0.132s] compilation terminated.
[0.132s] gmake[2]: *** [CMakeFiles/speed_turtle.dir/build.make:76: CMakeFiles/speed_turtle.dir/src/speed.cpp.o] Error 1
[0.132s] gmake[1]: *** [CMakeFiles/Makefile2:249: CMakeFiles/speed_turtle.dir/all] Error 2
[0.133s] gmake[1]: *** Waiting for unfinished jobs....
[1.277s] [01m[K/home/parallels/workspaces/assignment_ws/src/robotics_software_engineer/module_2_assignment/src/drive_mobile_robot_as2/src/rotate.cpp:[m[K In constructor â€˜[01m[KRotateNode::RotateNode()[m[Kâ€™:
[1.277s] [01m[K/home/parallels/workspaces/assignment_ws/src/robotics_software_engineer/module_2_assignment/src/drive_mobile_robot_as2/src/rotate.cpp:26:41:[m[K [01;31m[Kerror: [m[Kno matching function for call to â€˜[01m[KRotateNode::create_wall_timer(std::chrono::milliseconds, std::_Bind_helper<false, void (RotateNode::*)(double), RotateNode*, double&>::type)[m[Kâ€™
[1.277s]    26 |         timer_ = [01;31m[Kthis->create_wall_timer([m[K
[1.277s]       |                  [01;31m[K~~~~~~~~~~~~~~~~~~~~~~~^[m[K
[1.277s]    27 | [01;31m[K            500ms, std::bind(&RotateNode::timer_callback, this, speed))[m[K;
[1.277s]       |             [01;31m[K~~~~~~~~~~~~~~~~~~~~~~~~~~~~~~~~~~~~~~~~~~~~~~~~~~~~~~~~~~~[m[K
[1.277s] In file included from [01m[K/opt/ros/humble/include/rclcpp/rclcpp/executors/single_threaded_executor.hpp:28[m[K,
[1.277s]                  from [01m[K/opt/ros/humble/include/rclcpp/rclcpp/executors.hpp:22[m[K,
[1.277s]                  from [01m[K/opt/ros/humble/include/rclcpp/rclcpp/rclcpp.hpp:155[m[K,
[1.277s]                  from [01m[K/home/parallels/workspaces/assignment_ws/src/robotics_software_engineer/module_2_assignment/src/drive_mobile_robot_as2/src/rotate.cpp:6[m[K:
[1.277s] [01m[K/opt/ros/humble/include/rclcpp/rclcpp/node.hpp:238:3:[m[K [01;36m[Knote: [m[Kcandidate: â€˜[01m[Ktemplate<class DurationRepT, class DurationT, class CallbackT> typename rclcpp::WallTimer<CallbackT>::SharedPtr rclcpp::Node::create_wall_timer(std::chrono::duration<_Rep1, _Period1>, CallbackT, rclcpp::CallbackGroup::SharedPtr)[m[Kâ€™
[1.277s]   238 |   [01;36m[Kcreate_wall_timer[m[K(
[1.277s]       |   [01;36m[K^~~~~~~~~~~~~~~~~[m[K
[1.277s] [01m[K/opt/ros/humble/include/rclcpp/rclcpp/node.hpp:238:3:[m[K [01;36m[Knote: [m[K  template argument deduction/substitution failed:
[1.277s] In file included from [01m[K/opt/ros/humble/include/rclcpp/rclcpp/node.hpp:1321[m[K,
[1.277s]                  from [01m[K/opt/ros/humble/include/rclcpp/rclcpp/executors/single_threaded_executor.hpp:28[m[K,
[1.277s]                  from [01m[K/opt/ros/humble/include/rclcpp/rclcpp/executors.hpp:22[m[K,
[1.277s]                  from [01m[K/opt/ros/humble/include/rclcpp/rclcpp/rclcpp.hpp:155[m[K,
[1.277s]                  from [01m[K/home/parallels/workspaces/assignment_ws/src/robotics_software_engineer/module_2_assignment/src/drive_mobile_robot_as2/src/rotate.cpp:6[m[K:
[1.277s] /opt/ros/humble/include/rclcpp/rclcpp/node_impl.hpp: In substitution of â€˜[01m[Ktemplate<class DurationRepT, class DurationT, class CallbackT> typename rclcpp::WallTimer<CallbackT>::SharedPtr rclcpp::Node::create_wall_timer(std::chrono::duration<_Rep1, _Period1>, CallbackT, rclcpp::CallbackGroup::SharedPtr) [with DurationRepT = long int; DurationT = std::ratio<1, 1000>; CallbackT = std::_Bind<void (RotateNode::*(RotateNode*, double))(double)>][m[Kâ€™:
[1.277s] [01m[K/home/parallels/workspaces/assignment_ws/src/robotics_software_engineer/module_2_assignment/src/drive_mobile_robot_as2/src/rotate.cpp:26:41:[m[K   required from here
[1.277s] [01m[K/opt/ros/humble/include/rclcpp/rclcpp/node_impl.hpp:110:1:[m[K [01;31m[Kerror: [m[Kno type named â€˜[01m[Ktype[m[Kâ€™ in â€˜[01m[Kstruct std::enable_if<false, void>[m[Kâ€™
[1.277s]   110 | [01;31m[KNode[m[K::create_wall_timer(
[1.277s]       | [01;31m[K^~~~[m[K
[1.277s] [01m[K/opt/ros/humble/include/rclcpp/rclcpp/node_impl.hpp:110:1:[m[K [01;31m[Kerror: [m[Kno type named â€˜[01m[Ktype[m[Kâ€™ in â€˜[01m[Kstruct std::enable_if<false, void>[m[Kâ€™
[1.277s] [01m[K/opt/ros/humble/include/rclcpp/rclcpp/node_impl.hpp:110:1:[m[K [01;36m[Knote: [m[Kinvalid template non-type parameter
[1.679s] gmake[2]: *** [CMakeFiles/rotate.dir/build.make:76: CMakeFiles/rotate.dir/src/rotate.cpp.o] Error 1
[1.680s] gmake[1]: *** [CMakeFiles/Makefile2:223: CMakeFiles/rotate.dir/all] Error 2
[1.680s] gmake: *** [Makefile:146: all] Error 2
[1.680s] Invoked command in '/home/parallels/workspaces/assignment_ws/src/robotics_software_engineer/module_2_assignment/src/build/drive_mobile_robot_as2' returned '2': CMAKE_PREFIX_PATH=${CMAKE_PREFIX_PATH}:/home/parallels/workspaces/mydemo_ws/install/turtlebot3_example:/opt/ros/humble /usr/bin/cmake --build /home/parallels/workspaces/assignment_ws/src/robotics_software_engineer/module_2_assignment/src/build/drive_mobile_robot_as2 -- -j2 -l2
